1749746076.324130 client started (27531): version 3.5a, socket /tmp/tmux-1000/default, protocol 8
1749746076.324160 on Linux 6.6.87.1-microsoft-standard-WSL2 #1 SMP PREEMPT_DYNAMIC Mon Apr 21 17:08:54 UTC 2025
1749746076.324164 using libevent 2.1.12-stable poll
1749746076.324166 using ncurses 6.5 20250125
1749746076.324182 flags are 0x18010000
1749746076.324194 socket is /tmp/tmux-1000/default
1749746076.324209 trying connect
1749746076.324224 connect failed: Connection refused
1749746076.324233 lock file is /tmp/tmux-1000/default.lock
1749746076.324272 flock succeeded
1749746076.324275 got lock (6)
1749746076.324283 trying connect
1749746076.324292 connect failed: Connection refused
1749746076.324780 add peer 0x72b4b1088ec0: 7 ((nil))
1749746076.325293 sending message 111 to peer 0x72b4b1088ec0 (8 bytes)
1749746076.325302 sending message 111 to peer 0x72b4b1088ec0 (8 bytes)
1749746076.325305 sending message 101 to peer 0x72b4b1088ec0 (15 bytes)
1749746076.325308 sending message 109 to peer 0x72b4b1088ec0 (4 bytes)
1749746076.325310 sending message 102 to peer 0x72b4b1088ec0 (11 bytes)
1749746076.325312 sending message 108 to peer 0x72b4b1088ec0 (49 bytes)
1749746076.325315 sending message 112 to peer 0x72b4b1088ec0 (58 bytes)
1749746076.325317 sending message 112 to peer 0x72b4b1088ec0 (5 bytes)
1749746076.325320 sending message 112 to peer 0x72b4b1088ec0 (5 bytes)
1749746076.325322 sending message 112 to peer 0x72b4b1088ec0 (6 bytes)
1749746076.325333 sending message 112 to peer 0x72b4b1088ec0 (6 bytes)
1749746076.325336 sending message 112 to peer 0x72b4b1088ec0 (11 bytes)
1749746076.325338 sending message 112 to peer 0x72b4b1088ec0 (10 bytes)
1749746076.325341 sending message 112 to peer 0x72b4b1088ec0 (13 bytes)
1749746076.325344 sending message 112 to peer 0x72b4b1088ec0 (14 bytes)
1749746076.325347 sending message 112 to peer 0x72b4b1088ec0 (19 bytes)
1749746076.325350 sending message 112 to peer 0x72b4b1088ec0 (11 bytes)
1749746076.325352 sending message 112 to peer 0x72b4b1088ec0 (10 bytes)
1749746076.325355 sending message 112 to peer 0x72b4b1088ec0 (15 bytes)
1749746076.325358 sending message 112 to peer 0x72b4b1088ec0 (21 bytes)
1749746076.325360 sending message 112 to peer 0x72b4b1088ec0 (13 bytes)
1749746076.325363 sending message 112 to peer 0x72b4b1088ec0 (7 bytes)
1749746076.325390 sending message 112 to peer 0x72b4b1088ec0 (13 bytes)
1749746076.325394 sending message 112 to peer 0x72b4b1088ec0 (7 bytes)
1749746076.325397 sending message 112 to peer 0x72b4b1088ec0 (13 bytes)
1749746076.325399 sending message 112 to peer 0x72b4b1088ec0 (9 bytes)
1749746076.325401 sending message 112 to peer 0x72b4b1088ec0 (21 bytes)
1749746076.325409 sending message 112 to peer 0x72b4b1088ec0 (13 bytes)
1749746076.325412 sending message 112 to peer 0x72b4b1088ec0 (9 bytes)
1749746076.325414 sending message 112 to peer 0x72b4b1088ec0 (16 bytes)
1749746076.325417 sending message 112 to peer 0x72b4b1088ec0 (13 bytes)
1749746076.325419 sending message 112 to peer 0x72b4b1088ec0 (9 bytes)
1749746076.325422 sending message 112 to peer 0x72b4b1088ec0 (9 bytes)
1749746076.325424 sending message 112 to peer 0x72b4b1088ec0 (12 bytes)
1749746076.325426 sending message 112 to peer 0x72b4b1088ec0 (8 bytes)
1749746076.325429 sending message 112 to peer 0x72b4b1088ec0 (8 bytes)
1749746076.325431 sending message 112 to peer 0x72b4b1088ec0 (13 bytes)
1749746076.325433 sending message 112 to peer 0x72b4b1088ec0 (7 bytes)
1749746076.325436 sending message 112 to peer 0x72b4b1088ec0 (7 bytes)
1749746076.325438 sending message 112 to peer 0x72b4b1088ec0 (9 bytes)
1749746076.325441 sending message 112 to peer 0x72b4b1088ec0 (9 bytes)
1749746076.325443 sending message 112 to peer 0x72b4b1088ec0 (15 bytes)
1749746076.325445 sending message 112 to peer 0x72b4b1088ec0 (13 bytes)
1749746076.325448 sending message 112 to peer 0x72b4b1088ec0 (12 bytes)
1749746076.325450 sending message 112 to peer 0x72b4b1088ec0 (8 bytes)
1749746076.325452 sending message 112 to peer 0x72b4b1088ec0 (14 bytes)
1749746076.325455 sending message 112 to peer 0x72b4b1088ec0 (11 bytes)
1749746076.325467 sending message 112 to peer 0x72b4b1088ec0 (9 bytes)
1749746076.325470 sending message 112 to peer 0x72b4b1088ec0 (10 bytes)
1749746076.325472 sending message 112 to peer 0x72b4b1088ec0 (10 bytes)
1749746076.325474 sending message 112 to peer 0x72b4b1088ec0 (10 bytes)
1749746076.325477 sending message 112 to peer 0x72b4b1088ec0 (10 bytes)
1749746076.325479 sending message 112 to peer 0x72b4b1088ec0 (11 bytes)
1749746076.325482 sending message 112 to peer 0x72b4b1088ec0 (12 bytes)
1749746076.325485 sending message 112 to peer 0x72b4b1088ec0 (12 bytes)
1749746076.325487 sending message 112 to peer 0x72b4b1088ec0 (12 bytes)
1749746076.325491 sending message 112 to peer 0x72b4b1088ec0 (12 bytes)
1749746076.325493 sending message 112 to peer 0x72b4b1088ec0 (12 bytes)
1749746076.325495 sending message 112 to peer 0x72b4b1088ec0 (11 bytes)
1749746076.325498 sending message 112 to peer 0x72b4b1088ec0 (11 bytes)
1749746076.325500 sending message 112 to peer 0x72b4b1088ec0 (12 bytes)
1749746076.325503 sending message 112 to peer 0x72b4b1088ec0 (12 bytes)
1749746076.325505 sending message 112 to peer 0x72b4b1088ec0 (12 bytes)
1749746076.325507 sending message 112 to peer 0x72b4b1088ec0 (12 bytes)
1749746076.325510 sending message 112 to peer 0x72b4b1088ec0 (12 bytes)
1749746076.325512 sending message 112 to peer 0x72b4b1088ec0 (9 bytes)
1749746076.325515 sending message 112 to peer 0x72b4b1088ec0 (12 bytes)
1749746076.325517 sending message 112 to peer 0x72b4b1088ec0 (13 bytes)
1749746076.325519 sending message 112 to peer 0x72b4b1088ec0 (13 bytes)
1749746076.325522 sending message 112 to peer 0x72b4b1088ec0 (13 bytes)
1749746076.325524 sending message 112 to peer 0x72b4b1088ec0 (13 bytes)
1749746076.325526 sending message 112 to peer 0x72b4b1088ec0 (13 bytes)
1749746076.325529 sending message 112 to peer 0x72b4b1088ec0 (8 bytes)
1749746076.325531 sending message 112 to peer 0x72b4b1088ec0 (11 bytes)
1749746076.325534 sending message 112 to peer 0x72b4b1088ec0 (11 bytes)
1749746076.325536 sending message 112 to peer 0x72b4b1088ec0 (11 bytes)
1749746076.325538 sending message 112 to peer 0x72b4b1088ec0 (12 bytes)
1749746076.325541 sending message 112 to peer 0x72b4b1088ec0 (12 bytes)
1749746076.325543 sending message 112 to peer 0x72b4b1088ec0 (12 bytes)
1749746076.325546 sending message 112 to peer 0x72b4b1088ec0 (12 bytes)
1749746076.325548 sending message 112 to peer 0x72b4b1088ec0 (13 bytes)
1749746076.325550 sending message 112 to peer 0x72b4b1088ec0 (13 bytes)
1749746076.325553 sending message 112 to peer 0x72b4b1088ec0 (13 bytes)
1749746076.325555 sending message 112 to peer 0x72b4b1088ec0 (8 bytes)
1749746076.325558 sending message 112 to peer 0x72b4b1088ec0 (13 bytes)
1749746076.325560 sending message 112 to peer 0x72b4b1088ec0 (13 bytes)
1749746076.325562 sending message 112 to peer 0x72b4b1088ec0 (13 bytes)
1749746076.325565 sending message 112 to peer 0x72b4b1088ec0 (13 bytes)
1749746076.325567 sending message 112 to peer 0x72b4b1088ec0 (13 bytes)
1749746076.325569 sending message 112 to peer 0x72b4b1088ec0 (12 bytes)
1749746076.325572 sending message 112 to peer 0x72b4b1088ec0 (12 bytes)
1749746076.325574 sending message 112 to peer 0x72b4b1088ec0 (12 bytes)
1749746076.325577 sending message 112 to peer 0x72b4b1088ec0 (12 bytes)
1749746076.325579 sending message 112 to peer 0x72b4b1088ec0 (13 bytes)
1749746076.325581 sending message 112 to peer 0x72b4b1088ec0 (8 bytes)
1749746076.325584 sending message 112 to peer 0x72b4b1088ec0 (13 bytes)
1749746076.325586 sending message 112 to peer 0x72b4b1088ec0 (13 bytes)
1749746076.325589 sending message 112 to peer 0x72b4b1088ec0 (13 bytes)
1749746076.325591 sending message 112 to peer 0x72b4b1088ec0 (13 bytes)
1749746076.325594 sending message 112 to peer 0x72b4b1088ec0 (13 bytes)
1749746076.325596 sending message 112 to peer 0x72b4b1088ec0 (13 bytes)
1749746076.325598 sending message 112 to peer 0x72b4b1088ec0 (13 bytes)
1749746076.325601 sending message 112 to peer 0x72b4b1088ec0 (12 bytes)
1749746076.325603 sending message 112 to peer 0x72b4b1088ec0 (12 bytes)
1749746076.325611 sending message 112 to peer 0x72b4b1088ec0 (12 bytes)
1749746076.325614 sending message 112 to peer 0x72b4b1088ec0 (8 bytes)
1749746076.325616 sending message 112 to peer 0x72b4b1088ec0 (12 bytes)
1749746076.325618 sending message 112 to peer 0x72b4b1088ec0 (13 bytes)
1749746076.325621 sending message 112 to peer 0x72b4b1088ec0 (13 bytes)
1749746076.325623 sending message 112 to peer 0x72b4b1088ec0 (13 bytes)
1749746076.325626 sending message 112 to peer 0x72b4b1088ec0 (13 bytes)
1749746076.325628 sending message 112 to peer 0x72b4b1088ec0 (13 bytes)
1749746076.325630 sending message 112 to peer 0x72b4b1088ec0 (13 bytes)
1749746076.325633 sending message 112 to peer 0x72b4b1088ec0 (13 bytes)
1749746076.325635 sending message 112 to peer 0x72b4b1088ec0 (13 bytes)
1749746076.325637 sending message 112 to peer 0x72b4b1088ec0 (12 bytes)
1749746076.325640 sending message 112 to peer 0x72b4b1088ec0 (10 bytes)
1749746076.325642 sending message 112 to peer 0x72b4b1088ec0 (12 bytes)
1749746076.325645 sending message 112 to peer 0x72b4b1088ec0 (12 bytes)
1749746076.325647 sending message 112 to peer 0x72b4b1088ec0 (12 bytes)
1749746076.325650 sending message 112 to peer 0x72b4b1088ec0 (13 bytes)
1749746076.325652 sending message 112 to peer 0x72b4b1088ec0 (13 bytes)
1749746076.325655 sending message 112 to peer 0x72b4b1088ec0 (13 bytes)
1749746076.325657 sending message 112 to peer 0x72b4b1088ec0 (13 bytes)
1749746076.325659 sending message 112 to peer 0x72b4b1088ec0 (13 bytes)
1749746076.325662 sending message 112 to peer 0x72b4b1088ec0 (13 bytes)
1749746076.325664 sending message 112 to peer 0x72b4b1088ec0 (13 bytes)
1749746076.325666 sending message 112 to peer 0x72b4b1088ec0 (10 bytes)
1749746076.325669 sending message 112 to peer 0x72b4b1088ec0 (13 bytes)
1749746076.325671 sending message 112 to peer 0x72b4b1088ec0 (12 bytes)
1749746076.325674 sending message 112 to peer 0x72b4b1088ec0 (12 bytes)
1749746076.325676 sending message 112 to peer 0x72b4b1088ec0 (12 bytes)
1749746076.325678 sending message 112 to peer 0x72b4b1088ec0 (10 bytes)
1749746076.325681 sending message 112 to peer 0x72b4b1088ec0 (10 bytes)
1749746076.325683 sending message 112 to peer 0x72b4b1088ec0 (10 bytes)
1749746076.325685 sending message 112 to peer 0x72b4b1088ec0 (12 bytes)
1749746076.325688 sending message 112 to peer 0x72b4b1088ec0 (13 bytes)
1749746076.325690 sending message 112 to peer 0x72b4b1088ec0 (13 bytes)
1749746076.325693 sending message 112 to peer 0x72b4b1088ec0 (13 bytes)
1749746076.325695 sending message 112 to peer 0x72b4b1088ec0 (13 bytes)
1749746076.325697 sending message 112 to peer 0x72b4b1088ec0 (13 bytes)
1749746076.325700 sending message 112 to peer 0x72b4b1088ec0 (10 bytes)
1749746076.325702 sending message 112 to peer 0x72b4b1088ec0 (11 bytes)
1749746076.325705 sending message 112 to peer 0x72b4b1088ec0 (12 bytes)
1749746076.325707 sending message 112 to peer 0x72b4b1088ec0 (12 bytes)
1749746076.325709 sending message 112 to peer 0x72b4b1088ec0 (12 bytes)
1749746076.325712 sending message 112 to peer 0x72b4b1088ec0 (12 bytes)
1749746076.325714 sending message 112 to peer 0x72b4b1088ec0 (12 bytes)
1749746076.325717 sending message 112 to peer 0x72b4b1088ec0 (11 bytes)
1749746076.325719 sending message 112 to peer 0x72b4b1088ec0 (12 bytes)
1749746076.325721 sending message 112 to peer 0x72b4b1088ec0 (12 bytes)
1749746076.325724 sending message 112 to peer 0x72b4b1088ec0 (13 bytes)
1749746076.325726 sending message 112 to peer 0x72b4b1088ec0 (13 bytes)
1749746076.325728 sending message 112 to peer 0x72b4b1088ec0 (13 bytes)
1749746076.325731 sending message 112 to peer 0x72b4b1088ec0 (13 bytes)
1749746076.325733 sending message 112 to peer 0x72b4b1088ec0 (13 bytes)
1749746076.325736 sending message 112 to peer 0x72b4b1088ec0 (10 bytes)
1749746076.325738 sending message 112 to peer 0x72b4b1088ec0 (9 bytes)
1749746076.325740 sending message 112 to peer 0x72b4b1088ec0 (12 bytes)
1749746076.325743 sending message 112 to peer 0x72b4b1088ec0 (13 bytes)
1749746076.325745 sending message 112 to peer 0x72b4b1088ec0 (13 bytes)
1749746076.325752 sending message 112 to peer 0x72b4b1088ec0 (13 bytes)
1749746076.325755 sending message 112 to peer 0x72b4b1088ec0 (13 bytes)
1749746076.325757 sending message 112 to peer 0x72b4b1088ec0 (13 bytes)
1749746076.325760 sending message 112 to peer 0x72b4b1088ec0 (9 bytes)
1749746076.325762 sending message 112 to peer 0x72b4b1088ec0 (12 bytes)
1749746076.325765 sending message 112 to peer 0x72b4b1088ec0 (13 bytes)
1749746076.325767 sending message 112 to peer 0x72b4b1088ec0 (13 bytes)
1749746076.325769 sending message 112 to peer 0x72b4b1088ec0 (13 bytes)
1749746076.325772 sending message 112 to peer 0x72b4b1088ec0 (13 bytes)
1749746076.325774 sending message 112 to peer 0x72b4b1088ec0 (13 bytes)
1749746076.325776 sending message 112 to peer 0x72b4b1088ec0 (11 bytes)
1749746076.325779 sending message 112 to peer 0x72b4b1088ec0 (12 bytes)
1749746076.325781 sending message 112 to peer 0x72b4b1088ec0 (13 bytes)
1749746076.325784 sending message 112 to peer 0x72b4b1088ec0 (13 bytes)
1749746076.325786 sending message 112 to peer 0x72b4b1088ec0 (13 bytes)
1749746076.325788 sending message 112 to peer 0x72b4b1088ec0 (13 bytes)
1749746076.325791 sending message 112 to peer 0x72b4b1088ec0 (13 bytes)
1749746076.325793 sending message 112 to peer 0x72b4b1088ec0 (11 bytes)
1749746076.325795 sending message 112 to peer 0x72b4b1088ec0 (12 bytes)
1749746076.325798 sending message 112 to peer 0x72b4b1088ec0 (12 bytes)
1749746076.325800 sending message 112 to peer 0x72b4b1088ec0 (12 bytes)
1749746076.325803 sending message 112 to peer 0x72b4b1088ec0 (12 bytes)
1749746076.325806 sending message 112 to peer 0x72b4b1088ec0 (12 bytes)
1749746076.325808 sending message 112 to peer 0x72b4b1088ec0 (21 bytes)
1749746076.325811 sending message 112 to peer 0x72b4b1088ec0 (12 bytes)
1749746076.325813 sending message 112 to peer 0x72b4b1088ec0 (9 bytes)
1749746076.325816 sending message 112 to peer 0x72b4b1088ec0 (6 bytes)
1749746076.325818 sending message 112 to peer 0x72b4b1088ec0 (13 bytes)
1749746076.325820 sending message 112 to peer 0x72b4b1088ec0 (10 bytes)
1749746076.325823 sending message 112 to peer 0x72b4b1088ec0 (24 bytes)
1749746076.325825 sending message 112 to peer 0x72b4b1088ec0 (13 bytes)
1749746076.325827 sending message 112 to peer 0x72b4b1088ec0 (9 bytes)
1749746076.325830 sending message 112 to peer 0x72b4b1088ec0 (70 bytes)
1749746076.325832 sending message 112 to peer 0x72b4b1088ec0 (69 bytes)
1749746076.325835 sending message 112 to peer 0x72b4b1088ec0 (12 bytes)
1749746076.325837 sending message 112 to peer 0x72b4b1088ec0 (10 bytes)
1749746076.325839 sending message 112 to peer 0x72b4b1088ec0 (10 bytes)
1749746076.325842 sending message 112 to peer 0x72b4b1088ec0 (24 bytes)
1749746076.325844 sending message 112 to peer 0x72b4b1088ec0 (13 bytes)
1749746076.325847 sending message 112 to peer 0x72b4b1088ec0 (10 bytes)
1749746076.325849 sending message 112 to peer 0x72b4b1088ec0 (10 bytes)
1749746076.325851 sending message 112 to peer 0x72b4b1088ec0 (10 bytes)
1749746076.325854 sending message 112 to peer 0x72b4b1088ec0 (13 bytes)
1749746076.325856 sending message 112 to peer 0x72b4b1088ec0 (15 bytes)
1749746076.325858 sending message 112 to peer 0x72b4b1088ec0 (5 bytes)
1749746076.325862 sending message 104 to peer 0x72b4b1088ec0 (0 bytes)
1749746076.325865 sending message 110 to peer 0x72b4b1088ec0 (0 bytes)
1749746076.325867 sending message 107 to peer 0x72b4b1088ec0 (4 bytes)
1749746076.325870 sending message 105 to peer 0x72b4b1088ec0 (16 bytes)
1749746076.325883 sending message 105 to peer 0x72b4b1088ec0 (17 bytes)
1749746076.325886 sending message 105 to peer 0x72b4b1088ec0 (1031 bytes)
1749746076.325889 sending message 105 to peer 0x72b4b1088ec0 (20 bytes)
1749746076.325891 sending message 105 to peer 0x72b4b1088ec0 (32 bytes)
1749746076.325894 sending message 105 to peer 0x72b4b1088ec0 (11 bytes)
1749746076.325896 sending message 105 to peer 0x72b4b1088ec0 (26 bytes)
1749746076.325899 sending message 105 to peer 0x72b4b1088ec0 (40 bytes)
1749746076.325901 sending message 105 to peer 0x72b4b1088ec0 (24 bytes)
1749746076.325908 sending message 105 to peer 0x72b4b1088ec0 (33 bytes)
1749746076.325911 sending message 105 to peer 0x72b4b1088ec0 (48 bytes)
1749746076.325913 sending message 105 to peer 0x72b4b1088ec0 (53 bytes)
1749746076.325916 sending message 105 to peer 0x72b4b1088ec0 (33 bytes)
1749746076.325918 sending message 105 to peer 0x72b4b1088ec0 (21 bytes)
1749746076.325921 sending message 105 to peer 0x72b4b1088ec0 (27 bytes)
1749746076.325923 sending message 105 to peer 0x72b4b1088ec0 (19 bytes)
1749746076.325925 sending message 105 to peer 0x72b4b1088ec0 (13 bytes)
1749746076.325928 sending message 105 to peer 0x72b4b1088ec0 (16 bytes)
1749746076.325930 sending message 105 to peer 0x72b4b1088ec0 (19 bytes)
1749746076.325933 sending message 105 to peer 0x72b4b1088ec0 (54 bytes)
1749746076.325935 sending message 105 to peer 0x72b4b1088ec0 (8 bytes)
1749746076.325937 sending message 105 to peer 0x72b4b1088ec0 (53 bytes)
1749746076.325940 sending message 105 to peer 0x72b4b1088ec0 (31 bytes)
1749746076.325942 sending message 105 to peer 0x72b4b1088ec0 (17 bytes)
1749746076.325945 sending message 105 to peer 0x72b4b1088ec0 (29 bytes)
1749746076.325947 sending message 105 to peer 0x72b4b1088ec0 (11 bytes)
1749746076.325949 sending message 105 to peer 0x72b4b1088ec0 (8 bytes)
1749746076.325952 sending message 105 to peer 0x72b4b1088ec0 (32 bytes)
1749746076.325954 sending message 105 to peer 0x72b4b1088ec0 (1905 bytes)
1749746076.325967 sending message 105 to peer 0x72b4b1088ec0 (32 bytes)
1749746076.325969 sending message 105 to peer 0x72b4b1088ec0 (16 bytes)
1749746076.325972 sending message 105 to peer 0x72b4b1088ec0 (16 bytes)
1749746076.325974 sending message 106 to peer 0x72b4b1088ec0 (0 bytes)
1749746076.326023 sending message 200 to peer 0x72b4b1088ec0 (4 bytes)
1749746076.326026 client loop enter
1749746076.326041 client_signal: Child exited
1749746076.842332 peer 0x72b4b1088ec0 message 207
1749746076.842348 sending message 208 to peer 0x72b4b1088ec0 (0 bytes)
1749746081.589481 peer 0x72b4b1088ec0 message 203
1749746081.589509 sending message 205 to peer 0x72b4b1088ec0 (0 bytes)
1749746081.589867 peer 0x72b4b1088ec0 message 204
1749746081.589874 client loop exit
