1749746065.981336 client started (27203): version 3.5a, socket /tmp/tmux-1000/default, protocol 8
1749746065.981390 on Linux 6.6.87.1-microsoft-standard-WSL2 #1 SMP PREEMPT_DYNAMIC Mon Apr 21 17:08:54 UTC 2025
1749746065.981395 using libevent 2.1.12-stable poll
1749746065.981398 using ncurses 6.5 20250125
1749746065.981415 flags are 0x18010000
1749746065.981438 socket is /tmp/tmux-1000/default
1749746065.981456 trying connect
1749746065.981472 connect failed: Connection refused
1749746065.981480 lock file is /tmp/tmux-1000/default.lock
1749746065.981541 flock succeeded
1749746065.981545 got lock (6)
1749746065.981553 trying connect
1749746065.981563 connect failed: Connection refused
1749746065.982059 add peer 0x70b893e88f00: 7 ((nil))
1749746065.982574 sending message 111 to peer 0x70b893e88f00 (8 bytes)
1749746065.982584 sending message 111 to peer 0x70b893e88f00 (8 bytes)
1749746065.982587 sending message 101 to peer 0x70b893e88f00 (15 bytes)
1749746065.982590 sending message 109 to peer 0x70b893e88f00 (4 bytes)
1749746065.982592 sending message 102 to peer 0x70b893e88f00 (11 bytes)
1749746065.982595 sending message 108 to peer 0x70b893e88f00 (49 bytes)
1749746065.982597 sending message 112 to peer 0x70b893e88f00 (58 bytes)
1749746065.982600 sending message 112 to peer 0x70b893e88f00 (5 bytes)
1749746065.982602 sending message 112 to peer 0x70b893e88f00 (5 bytes)
1749746065.982605 sending message 112 to peer 0x70b893e88f00 (6 bytes)
1749746065.982607 sending message 112 to peer 0x70b893e88f00 (6 bytes)
1749746065.982609 sending message 112 to peer 0x70b893e88f00 (11 bytes)
1749746065.982612 sending message 112 to peer 0x70b893e88f00 (10 bytes)
1749746065.982614 sending message 112 to peer 0x70b893e88f00 (13 bytes)
1749746065.982617 sending message 112 to peer 0x70b893e88f00 (14 bytes)
1749746065.982619 sending message 112 to peer 0x70b893e88f00 (19 bytes)
1749746065.982621 sending message 112 to peer 0x70b893e88f00 (11 bytes)
1749746065.982624 sending message 112 to peer 0x70b893e88f00 (10 bytes)
1749746065.982639 sending message 112 to peer 0x70b893e88f00 (15 bytes)
1749746065.982641 sending message 112 to peer 0x70b893e88f00 (21 bytes)
1749746065.982644 sending message 112 to peer 0x70b893e88f00 (13 bytes)
1749746065.982646 sending message 112 to peer 0x70b893e88f00 (7 bytes)
1749746065.982649 sending message 112 to peer 0x70b893e88f00 (13 bytes)
1749746065.982651 sending message 112 to peer 0x70b893e88f00 (7 bytes)
1749746065.982653 sending message 112 to peer 0x70b893e88f00 (13 bytes)
1749746065.982656 sending message 112 to peer 0x70b893e88f00 (9 bytes)
1749746065.982658 sending message 112 to peer 0x70b893e88f00 (21 bytes)
1749746065.982660 sending message 112 to peer 0x70b893e88f00 (13 bytes)
1749746065.982663 sending message 112 to peer 0x70b893e88f00 (9 bytes)
1749746065.982665 sending message 112 to peer 0x70b893e88f00 (16 bytes)
1749746065.982667 sending message 112 to peer 0x70b893e88f00 (13 bytes)
1749746065.982670 sending message 112 to peer 0x70b893e88f00 (9 bytes)
1749746065.982672 sending message 112 to peer 0x70b893e88f00 (9 bytes)
1749746065.982675 sending message 112 to peer 0x70b893e88f00 (12 bytes)
1749746065.982677 sending message 112 to peer 0x70b893e88f00 (8 bytes)
1749746065.982679 sending message 112 to peer 0x70b893e88f00 (8 bytes)
1749746065.982682 sending message 112 to peer 0x70b893e88f00 (13 bytes)
1749746065.982684 sending message 112 to peer 0x70b893e88f00 (7 bytes)
1749746065.982686 sending message 112 to peer 0x70b893e88f00 (7 bytes)
1749746065.982689 sending message 112 to peer 0x70b893e88f00 (9 bytes)
1749746065.982691 sending message 112 to peer 0x70b893e88f00 (9 bytes)
1749746065.982693 sending message 112 to peer 0x70b893e88f00 (15 bytes)
1749746065.982696 sending message 112 to peer 0x70b893e88f00 (13 bytes)
1749746065.982698 sending message 112 to peer 0x70b893e88f00 (12 bytes)
1749746065.982701 sending message 112 to peer 0x70b893e88f00 (8 bytes)
1749746065.982703 sending message 112 to peer 0x70b893e88f00 (14 bytes)
1749746065.982705 sending message 112 to peer 0x70b893e88f00 (11 bytes)
1749746065.982716 sending message 112 to peer 0x70b893e88f00 (9 bytes)
1749746065.982719 sending message 112 to peer 0x70b893e88f00 (10 bytes)
1749746065.982721 sending message 112 to peer 0x70b893e88f00 (10 bytes)
1749746065.982724 sending message 112 to peer 0x70b893e88f00 (10 bytes)
1749746065.982726 sending message 112 to peer 0x70b893e88f00 (10 bytes)
1749746065.982728 sending message 112 to peer 0x70b893e88f00 (11 bytes)
1749746065.982731 sending message 112 to peer 0x70b893e88f00 (12 bytes)
1749746065.982733 sending message 112 to peer 0x70b893e88f00 (12 bytes)
1749746065.982735 sending message 112 to peer 0x70b893e88f00 (12 bytes)
1749746065.982739 sending message 112 to peer 0x70b893e88f00 (12 bytes)
1749746065.982741 sending message 112 to peer 0x70b893e88f00 (12 bytes)
1749746065.982743 sending message 112 to peer 0x70b893e88f00 (11 bytes)
1749746065.982746 sending message 112 to peer 0x70b893e88f00 (11 bytes)
1749746065.982748 sending message 112 to peer 0x70b893e88f00 (12 bytes)
1749746065.982751 sending message 112 to peer 0x70b893e88f00 (12 bytes)
1749746065.982753 sending message 112 to peer 0x70b893e88f00 (12 bytes)
1749746065.982755 sending message 112 to peer 0x70b893e88f00 (12 bytes)
1749746065.982758 sending message 112 to peer 0x70b893e88f00 (12 bytes)
1749746065.982760 sending message 112 to peer 0x70b893e88f00 (9 bytes)
1749746065.982762 sending message 112 to peer 0x70b893e88f00 (12 bytes)
1749746065.982765 sending message 112 to peer 0x70b893e88f00 (13 bytes)
1749746065.982767 sending message 112 to peer 0x70b893e88f00 (13 bytes)
1749746065.982769 sending message 112 to peer 0x70b893e88f00 (13 bytes)
1749746065.982772 sending message 112 to peer 0x70b893e88f00 (13 bytes)
1749746065.982774 sending message 112 to peer 0x70b893e88f00 (13 bytes)
1749746065.982777 sending message 112 to peer 0x70b893e88f00 (8 bytes)
1749746065.982779 sending message 112 to peer 0x70b893e88f00 (11 bytes)
1749746065.982781 sending message 112 to peer 0x70b893e88f00 (11 bytes)
1749746065.982784 sending message 112 to peer 0x70b893e88f00 (11 bytes)
1749746065.982786 sending message 112 to peer 0x70b893e88f00 (12 bytes)
1749746065.982788 sending message 112 to peer 0x70b893e88f00 (12 bytes)
1749746065.982791 sending message 112 to peer 0x70b893e88f00 (12 bytes)
1749746065.982793 sending message 112 to peer 0x70b893e88f00 (12 bytes)
1749746065.982796 sending message 112 to peer 0x70b893e88f00 (13 bytes)
1749746065.982798 sending message 112 to peer 0x70b893e88f00 (13 bytes)
1749746065.982800 sending message 112 to peer 0x70b893e88f00 (13 bytes)
1749746065.982803 sending message 112 to peer 0x70b893e88f00 (8 bytes)
1749746065.982805 sending message 112 to peer 0x70b893e88f00 (13 bytes)
1749746065.982807 sending message 112 to peer 0x70b893e88f00 (13 bytes)
1749746065.982810 sending message 112 to peer 0x70b893e88f00 (13 bytes)
1749746065.982812 sending message 112 to peer 0x70b893e88f00 (13 bytes)
1749746065.982814 sending message 112 to peer 0x70b893e88f00 (13 bytes)
1749746065.982817 sending message 112 to peer 0x70b893e88f00 (12 bytes)
1749746065.982819 sending message 112 to peer 0x70b893e88f00 (12 bytes)
1749746065.982822 sending message 112 to peer 0x70b893e88f00 (12 bytes)
1749746065.982824 sending message 112 to peer 0x70b893e88f00 (12 bytes)
1749746065.982826 sending message 112 to peer 0x70b893e88f00 (13 bytes)
1749746065.982829 sending message 112 to peer 0x70b893e88f00 (8 bytes)
1749746065.982831 sending message 112 to peer 0x70b893e88f00 (13 bytes)
1749746065.982834 sending message 112 to peer 0x70b893e88f00 (13 bytes)
1749746065.982836 sending message 112 to peer 0x70b893e88f00 (13 bytes)
1749746065.982838 sending message 112 to peer 0x70b893e88f00 (13 bytes)
1749746065.982841 sending message 112 to peer 0x70b893e88f00 (13 bytes)
1749746065.982843 sending message 112 to peer 0x70b893e88f00 (13 bytes)
1749746065.982846 sending message 112 to peer 0x70b893e88f00 (13 bytes)
1749746065.982848 sending message 112 to peer 0x70b893e88f00 (12 bytes)
1749746065.982850 sending message 112 to peer 0x70b893e88f00 (12 bytes)
1749746065.982865 sending message 112 to peer 0x70b893e88f00 (12 bytes)
1749746065.982867 sending message 112 to peer 0x70b893e88f00 (8 bytes)
1749746065.982870 sending message 112 to peer 0x70b893e88f00 (12 bytes)
1749746065.982872 sending message 112 to peer 0x70b893e88f00 (13 bytes)
1749746065.982875 sending message 112 to peer 0x70b893e88f00 (13 bytes)
1749746065.982877 sending message 112 to peer 0x70b893e88f00 (13 bytes)
1749746065.982879 sending message 112 to peer 0x70b893e88f00 (13 bytes)
1749746065.982882 sending message 112 to peer 0x70b893e88f00 (13 bytes)
1749746065.982884 sending message 112 to peer 0x70b893e88f00 (13 bytes)
1749746065.982901 sending message 112 to peer 0x70b893e88f00 (13 bytes)
1749746065.982903 sending message 112 to peer 0x70b893e88f00 (13 bytes)
1749746065.982906 sending message 112 to peer 0x70b893e88f00 (12 bytes)
1749746065.982908 sending message 112 to peer 0x70b893e88f00 (10 bytes)
1749746065.982911 sending message 112 to peer 0x70b893e88f00 (12 bytes)
1749746065.982913 sending message 112 to peer 0x70b893e88f00 (12 bytes)
1749746065.982915 sending message 112 to peer 0x70b893e88f00 (12 bytes)
1749746065.982918 sending message 112 to peer 0x70b893e88f00 (13 bytes)
1749746065.982921 sending message 112 to peer 0x70b893e88f00 (13 bytes)
1749746065.982923 sending message 112 to peer 0x70b893e88f00 (13 bytes)
1749746065.982926 sending message 112 to peer 0x70b893e88f00 (13 bytes)
1749746065.982928 sending message 112 to peer 0x70b893e88f00 (13 bytes)
1749746065.982930 sending message 112 to peer 0x70b893e88f00 (13 bytes)
1749746065.982933 sending message 112 to peer 0x70b893e88f00 (13 bytes)
1749746065.982935 sending message 112 to peer 0x70b893e88f00 (10 bytes)
1749746065.982938 sending message 112 to peer 0x70b893e88f00 (13 bytes)
1749746065.982940 sending message 112 to peer 0x70b893e88f00 (12 bytes)
1749746065.982942 sending message 112 to peer 0x70b893e88f00 (12 bytes)
1749746065.982945 sending message 112 to peer 0x70b893e88f00 (12 bytes)
1749746065.982947 sending message 112 to peer 0x70b893e88f00 (10 bytes)
1749746065.982949 sending message 112 to peer 0x70b893e88f00 (10 bytes)
1749746065.982952 sending message 112 to peer 0x70b893e88f00 (10 bytes)
1749746065.982954 sending message 112 to peer 0x70b893e88f00 (12 bytes)
1749746065.982956 sending message 112 to peer 0x70b893e88f00 (13 bytes)
1749746065.982959 sending message 112 to peer 0x70b893e88f00 (13 bytes)
1749746065.982961 sending message 112 to peer 0x70b893e88f00 (13 bytes)
1749746065.982963 sending message 112 to peer 0x70b893e88f00 (13 bytes)
1749746065.982966 sending message 112 to peer 0x70b893e88f00 (13 bytes)
1749746065.982968 sending message 112 to peer 0x70b893e88f00 (10 bytes)
1749746065.982971 sending message 112 to peer 0x70b893e88f00 (11 bytes)
1749746065.982973 sending message 112 to peer 0x70b893e88f00 (12 bytes)
1749746065.982975 sending message 112 to peer 0x70b893e88f00 (12 bytes)
1749746065.982978 sending message 112 to peer 0x70b893e88f00 (12 bytes)
1749746065.982980 sending message 112 to peer 0x70b893e88f00 (12 bytes)
1749746065.982983 sending message 112 to peer 0x70b893e88f00 (12 bytes)
1749746065.982985 sending message 112 to peer 0x70b893e88f00 (11 bytes)
1749746065.982987 sending message 112 to peer 0x70b893e88f00 (12 bytes)
1749746065.982990 sending message 112 to peer 0x70b893e88f00 (12 bytes)
1749746065.982992 sending message 112 to peer 0x70b893e88f00 (13 bytes)
1749746065.982994 sending message 112 to peer 0x70b893e88f00 (13 bytes)
1749746065.982997 sending message 112 to peer 0x70b893e88f00 (13 bytes)
1749746065.982999 sending message 112 to peer 0x70b893e88f00 (13 bytes)
1749746065.983001 sending message 112 to peer 0x70b893e88f00 (13 bytes)
1749746065.983004 sending message 112 to peer 0x70b893e88f00 (10 bytes)
1749746065.983006 sending message 112 to peer 0x70b893e88f00 (9 bytes)
1749746065.983009 sending message 112 to peer 0x70b893e88f00 (12 bytes)
1749746065.983011 sending message 112 to peer 0x70b893e88f00 (13 bytes)
1749746065.983013 sending message 112 to peer 0x70b893e88f00 (13 bytes)
1749746065.983026 sending message 112 to peer 0x70b893e88f00 (13 bytes)
1749746065.983028 sending message 112 to peer 0x70b893e88f00 (13 bytes)
1749746065.983031 sending message 112 to peer 0x70b893e88f00 (13 bytes)
1749746065.983033 sending message 112 to peer 0x70b893e88f00 (9 bytes)
1749746065.983035 sending message 112 to peer 0x70b893e88f00 (12 bytes)
1749746065.983038 sending message 112 to peer 0x70b893e88f00 (13 bytes)
1749746065.983040 sending message 112 to peer 0x70b893e88f00 (13 bytes)
1749746065.983042 sending message 112 to peer 0x70b893e88f00 (13 bytes)
1749746065.983045 sending message 112 to peer 0x70b893e88f00 (13 bytes)
1749746065.983047 sending message 112 to peer 0x70b893e88f00 (13 bytes)
1749746065.983049 sending message 112 to peer 0x70b893e88f00 (11 bytes)
1749746065.983052 sending message 112 to peer 0x70b893e88f00 (12 bytes)
1749746065.983054 sending message 112 to peer 0x70b893e88f00 (13 bytes)
1749746065.983057 sending message 112 to peer 0x70b893e88f00 (13 bytes)
1749746065.983059 sending message 112 to peer 0x70b893e88f00 (13 bytes)
1749746065.983061 sending message 112 to peer 0x70b893e88f00 (13 bytes)
1749746065.983064 sending message 112 to peer 0x70b893e88f00 (13 bytes)
1749746065.983066 sending message 112 to peer 0x70b893e88f00 (11 bytes)
1749746065.983068 sending message 112 to peer 0x70b893e88f00 (12 bytes)
1749746065.983071 sending message 112 to peer 0x70b893e88f00 (12 bytes)
1749746065.983073 sending message 112 to peer 0x70b893e88f00 (12 bytes)
1749746065.983075 sending message 112 to peer 0x70b893e88f00 (12 bytes)
1749746065.983078 sending message 112 to peer 0x70b893e88f00 (12 bytes)
1749746065.983081 sending message 112 to peer 0x70b893e88f00 (21 bytes)
1749746065.983084 sending message 112 to peer 0x70b893e88f00 (12 bytes)
1749746065.983086 sending message 112 to peer 0x70b893e88f00 (9 bytes)
1749746065.983089 sending message 112 to peer 0x70b893e88f00 (6 bytes)
1749746065.983091 sending message 112 to peer 0x70b893e88f00 (13 bytes)
1749746065.983093 sending message 112 to peer 0x70b893e88f00 (10 bytes)
1749746065.983096 sending message 112 to peer 0x70b893e88f00 (24 bytes)
1749746065.983098 sending message 112 to peer 0x70b893e88f00 (13 bytes)
1749746065.983100 sending message 112 to peer 0x70b893e88f00 (9 bytes)
1749746065.983103 sending message 112 to peer 0x70b893e88f00 (70 bytes)
1749746065.983105 sending message 112 to peer 0x70b893e88f00 (69 bytes)
1749746065.983108 sending message 112 to peer 0x70b893e88f00 (12 bytes)
1749746065.983110 sending message 112 to peer 0x70b893e88f00 (10 bytes)
1749746065.983112 sending message 112 to peer 0x70b893e88f00 (10 bytes)
1749746065.983115 sending message 112 to peer 0x70b893e88f00 (24 bytes)
1749746065.983117 sending message 112 to peer 0x70b893e88f00 (13 bytes)
1749746065.983120 sending message 112 to peer 0x70b893e88f00 (10 bytes)
1749746065.983122 sending message 112 to peer 0x70b893e88f00 (10 bytes)
1749746065.983124 sending message 112 to peer 0x70b893e88f00 (10 bytes)
1749746065.983127 sending message 112 to peer 0x70b893e88f00 (13 bytes)
1749746065.983129 sending message 112 to peer 0x70b893e88f00 (15 bytes)
1749746065.983131 sending message 112 to peer 0x70b893e88f00 (5 bytes)
1749746065.983135 sending message 104 to peer 0x70b893e88f00 (0 bytes)
1749746065.983138 sending message 110 to peer 0x70b893e88f00 (0 bytes)
1749746065.983141 sending message 107 to peer 0x70b893e88f00 (4 bytes)
1749746065.983143 sending message 105 to peer 0x70b893e88f00 (16 bytes)
1749746065.983145 sending message 105 to peer 0x70b893e88f00 (17 bytes)
1749746065.983148 sending message 105 to peer 0x70b893e88f00 (1031 bytes)
1749746065.983151 sending message 105 to peer 0x70b893e88f00 (20 bytes)
1749746065.983153 sending message 105 to peer 0x70b893e88f00 (32 bytes)
1749746065.983155 sending message 105 to peer 0x70b893e88f00 (11 bytes)
1749746065.983158 sending message 105 to peer 0x70b893e88f00 (26 bytes)
1749746065.983160 sending message 105 to peer 0x70b893e88f00 (40 bytes)
1749746065.983163 sending message 105 to peer 0x70b893e88f00 (24 bytes)
1749746065.983170 sending message 105 to peer 0x70b893e88f00 (33 bytes)
1749746065.983172 sending message 105 to peer 0x70b893e88f00 (48 bytes)
1749746065.983175 sending message 105 to peer 0x70b893e88f00 (53 bytes)
1749746065.983177 sending message 105 to peer 0x70b893e88f00 (33 bytes)
1749746065.983179 sending message 105 to peer 0x70b893e88f00 (21 bytes)
1749746065.983182 sending message 105 to peer 0x70b893e88f00 (27 bytes)
1749746065.983184 sending message 105 to peer 0x70b893e88f00 (19 bytes)
1749746065.983186 sending message 105 to peer 0x70b893e88f00 (13 bytes)
1749746065.983189 sending message 105 to peer 0x70b893e88f00 (16 bytes)
1749746065.983191 sending message 105 to peer 0x70b893e88f00 (19 bytes)
1749746065.983194 sending message 105 to peer 0x70b893e88f00 (54 bytes)
1749746065.983196 sending message 105 to peer 0x70b893e88f00 (8 bytes)
1749746065.983198 sending message 105 to peer 0x70b893e88f00 (53 bytes)
1749746065.983201 sending message 105 to peer 0x70b893e88f00 (31 bytes)
1749746065.983203 sending message 105 to peer 0x70b893e88f00 (17 bytes)
1749746065.983206 sending message 105 to peer 0x70b893e88f00 (29 bytes)
1749746065.983208 sending message 105 to peer 0x70b893e88f00 (11 bytes)
1749746065.983210 sending message 105 to peer 0x70b893e88f00 (8 bytes)
1749746065.983213 sending message 105 to peer 0x70b893e88f00 (32 bytes)
1749746065.983215 sending message 105 to peer 0x70b893e88f00 (1905 bytes)
1749746065.983223 sending message 105 to peer 0x70b893e88f00 (32 bytes)
1749746065.983225 sending message 105 to peer 0x70b893e88f00 (16 bytes)
1749746065.983228 sending message 105 to peer 0x70b893e88f00 (16 bytes)
1749746065.983230 sending message 106 to peer 0x70b893e88f00 (0 bytes)
1749746065.983279 sending message 200 to peer 0x70b893e88f00 (4 bytes)
1749746065.983282 client loop enter
1749746065.983296 client_signal: Child exited
1749746066.453973 peer 0x70b893e88f00 message 207
1749746066.453984 sending message 208 to peer 0x70b893e88f00 (0 bytes)
1749746067.833858 peer 0x70b893e88f00 message 203
1749746067.833874 sending message 205 to peer 0x70b893e88f00 (0 bytes)
1749746067.834381 peer 0x70b893e88f00 message 204
1749746067.834390 client loop exit
